# JRE version: Java(TM) SE Runtime Environment (19.0.2+7) (build 19.0.2+7-44)
# Java VM: Java HotSpot(TM) 64-Bit Server VM (19.0.2+7-44, mixed mode, sharing, tiered, compressed oops, compressed class ptrs, g1 gc, windows-amd64)
GC Precious Log:
 CardTable entry size: 512
 Card Set container configuration: InlinePtr #cards 4 size 8 Array Of Cards #cards 16 size 48 Howl #buckets 8 coarsen threshold 3686 Howl Bitmap #cards 512 size 80 coarsen threshold 460 Card regions per heap region 1 cards per card region 4096
 CPUs: 12 total, 12 available
 Memory: 16322M
 Large Page Support: Disabled
 NUMA Support: Disabled
 Compressed Oops: Enabled (Zero based)
 Heap Region Size: 2M
 Heap Min Capacity: 8M
 Heap Initial Capacity: 256M
 Heap Max Capacity: 4082M
 Pre-touch: Disabled
 Parallel Workers: 10
 Concurrent Workers: 3
 Concurrent Refinement Workers: 10
 Periodic GC: Disabled
Heap:
 garbage-first heap   total 81920K, used 35036K [0x0000000700e00000, 0x0000000800000000)
  region size 2048K, 3 young (6144K), 2 survivors (4096K)
 Metaspace       used 71989K, committed 72576K, reserved 1114112K
  class space    used 8802K, committed 9088K, reserved 1048576K
GC Heap History (20 events):
Event: 2.240 GC heap before
{Heap before GC invocations=6 (full 0):
 garbage-first heap   total 61440K, used 36244K [0x0000000700e00000, 0x0000000800000000)
  region size 2048K, 12 young (24576K), 1 survivors (2048K)
 Metaspace       used 29776K, committed 30016K, reserved 1114112K
  class space    used 3416K, committed 3520K, reserved 1048576K
}
Event: 2.243 GC heap after
{Heap after GC invocations=7 (full 0):
 garbage-first heap   total 61440K, used 16779K [0x0000000700e00000, 0x0000000800000000)
  region size 2048K, 1 young (2048K), 1 survivors (2048K)
 Metaspace       used 29776K, committed 30016K, reserved 1114112K
  class space    used 3416K, committed 3520K, reserved 1048576K
}
Event: 2.772 GC heap before
{Heap before GC invocations=7 (full 0):
 garbage-first heap   total 61440K, used 41355K [0x0000000700e00000, 0x0000000800000000)
  region size 2048K, 13 young (26624K), 1 survivors (2048K)
 Metaspace       used 35475K, committed 35840K, reserved 1114112K
  class space    used 4128K, committed 4288K, reserved 1048576K
}
Event: 2.777 GC heap after
{Heap after GC invocations=8 (full 0):
 garbage-first heap   total 61440K, used 19326K [0x0000000700e00000, 0x0000000800000000)
  region size 2048K, 2 young (4096K), 2 survivors (4096K)
 Metaspace       used 35475K, committed 35840K, reserved 1114112K
  class space    used 4128K, committed 4288K, reserved 1048576K
}
Event: 2.819 GC heap before
{Heap before GC invocations=8 (full 0):
 garbage-first heap   total 61440K, used 21374K [0x0000000700e00000, 0x0000000800000000)
  region size 2048K, 4 young (8192K), 2 survivors (4096K)
 Metaspace       used 35808K, committed 36160K, reserved 1114112K
  class space    used 4168K, committed 4352K, reserved 1048576K
}
Event: 2.825 GC heap after
{Heap after GC invocations=9 (full 0):
 garbage-first heap   total 161792K, used 20052K [0x0000000700e00000, 0x0000000800000000)
  region size 2048K, 1 young (2048K), 1 survivors (2048K)
 Metaspace       used 35808K, committed 36160K, reserved 1114112K
  class space    used 4168K, committed 4352K, reserved 1048576K
}
Event: 3.907 GC heap before
{Heap before GC invocations=10 (full 0):
 garbage-first heap   total 81920K, used 67156K [0x0000000700e00000, 0x0000000800000000)
  region size 2048K, 24 young (49152K), 1 survivors (2048K)
 Metaspace       used 51283K, committed 51584K, reserved 1114112K
  class space    used 6295K, committed 6464K, reserved 1048576K
}
Event: 3.910 GC heap after
{Heap after GC invocations=11 (full 0):
 garbage-first heap   total 81920K, used 23750K [0x0000000700e00000, 0x0000000800000000)
  region size 2048K, 3 young (6144K), 3 survivors (6144K)
 Metaspace       used 51283K, committed 51584K, reserved 1114112K
  class space    used 6295K, committed 6464K, reserved 1048576K
}
Event: 3.934 GC heap before
{Heap before GC invocations=11 (full 0):
 garbage-first heap   total 81920K, used 25798K [0x0000000700e00000, 0x0000000800000000)
  region size 2048K, 4 young (8192K), 3 survivors (6144K)
 Metaspace       used 51557K, committed 51904K, reserved 1114112K
  class space    used 6333K, committed 6464K, reserved 1048576K
}
Event: 3.937 GC heap after
{Heap after GC invocations=12 (full 0):
 garbage-first heap   total 81920K, used 24321K [0x0000000700e00000, 0x0000000800000000)
  region size 2048K, 1 young (2048K), 1 survivors (2048K)
 Metaspace       used 51557K, committed 51904K, reserved 1114112K
  class space    used 6333K, committed 6464K, reserved 1048576K
}
Event: 4.515 GC heap before
{Heap before GC invocations=12 (full 0):
 garbage-first heap   total 81920K, used 57089K [0x0000000700e00000, 0x0000000800000000)
  region size 2048K, 18 young (36864K), 1 survivors (2048K)
 Metaspace       used 59785K, committed 60224K, reserved 1114112K
  class space    used 7357K, committed 7552K, reserved 1048576K
}
Event: 4.518 GC heap after
{Heap after GC invocations=13 (full 0):
 garbage-first heap   total 81920K, used 26441K [0x0000000700e00000, 0x0000000800000000)
  region size 2048K, 2 young (4096K), 2 survivors (4096K)
 Metaspace       used 59785K, committed 60224K, reserved 1114112K
  class space    used 7357K, committed 7552K, reserved 1048576K
}
Event: 4.615 GC heap before
{Heap before GC invocations=13 (full 0):
 garbage-first heap   total 81920K, used 38729K [0x0000000700e00000, 0x0000000800000000)
  region size 2048K, 9 young (18432K), 2 survivors (4096K)
 Metaspace       used 60135K, committed 60480K, reserved 1114112K
  class space    used 7392K, committed 7552K, reserved 1048576K
}
Event: 4.618 GC heap after
{Heap after GC invocations=14 (full 0):
 garbage-first heap   total 81920K, used 27219K [0x0000000700e00000, 0x0000000800000000)
  region size 2048K, 2 young (4096K), 2 survivors (4096K)
 Metaspace       used 60135K, committed 60480K, reserved 1114112K
  class space    used 7392K, committed 7552K, reserved 1048576K
}
Event: 8.347 GC heap before
{Heap before GC invocations=15 (full 0):
 garbage-first heap   total 81920K, used 62035K [0x0000000700e00000, 0x0000000800000000)
  region size 2048K, 19 young (38912K), 2 survivors (4096K)
 Metaspace       used 64362K, committed 64832K, reserved 1114112K
  class space    used 7954K, committed 8192K, reserved 1048576K
}
Event: 8.351 GC heap after
{Heap after GC invocations=16 (full 0):
 garbage-first heap   total 81920K, used 30416K [0x0000000700e00000, 0x0000000800000000)
  region size 2048K, 3 young (6144K), 3 survivors (6144K)
 Metaspace       used 64362K, committed 64832K, reserved 1114112K
  class space    used 7954K, committed 8192K, reserved 1048576K
}
Event: 8.403 GC heap before
{Heap before GC invocations=16 (full 0):
 garbage-first heap   total 81920K, used 32464K [0x0000000700e00000, 0x0000000800000000)
  region size 2048K, 4 young (8192K), 3 survivors (6144K)
 Metaspace       used 64912K, committed 65344K, reserved 1114112K
  class space    used 8031K, committed 8256K, reserved 1048576K
}
Event: 8.407 GC heap after
{Heap after GC invocations=17 (full 0):
 garbage-first heap   total 81920K, used 30555K [0x0000000700e00000, 0x0000000800000000)
  region size 2048K, 1 young (2048K), 1 survivors (2048K)
 Metaspace       used 64912K, committed 65344K, reserved 1114112K
  class space    used 8031K, committed 8256K, reserved 1048576K
}
Event: 53.596 GC heap before
{Heap before GC invocations=17 (full 0):
 garbage-first heap   total 81920K, used 59227K [0x0000000700e00000, 0x0000000800000000)
  region size 2048K, 16 young (32768K), 1 survivors (2048K)
 Metaspace       used 71851K, committed 72448K, reserved 1114112K
  class space    used 8802K, committed 9088K, reserved 1048576K
}
Event: 53.599 GC heap after
{Heap after GC invocations=18 (full 0):
 garbage-first heap   total 81920K, used 35036K [0x0000000700e00000, 0x0000000800000000)
  region size 2048K, 2 young (4096K), 2 survivors (4096K)
 Metaspace       used 71851K, committed 72448K, reserved 1114112K
  class space    used 8802K, committed 9088K, reserved 1048576K
}

